k-worker1 | SUCCESS => {
    "ansible_facts": {
        "ansible_all_ipv4_addresses": [
            "192.168.2.214", 
            "172.17.0.1", 
            "10.40.0.0"
        ], 
        "ansible_all_ipv6_addresses": [
            "fe80::e012:d1ff:fe5c:94a4", 
            "fe80::ec71:dcff:fe42:8bf0", 
            "fe80::686a:dbff:fe8c:e807", 
            "fe80::9868:30ff:fe49:ca41", 
            "fe80::7c6e:f6ff:fe45:5efc", 
            "fe80::d066:c6ff:feb1:e8f6", 
            "fe80::6435:7fff:fe8b:77b6", 
            "fe80::9b8:6d6d:dbd0:f592", 
            "fe80::80b1:e3ff:fe40:81c4", 
            "fe80::6c6a:e0ff:fe6b:aa79", 
            "fe80::3058:1cff:fe9e:49e5"
        ], 
        "ansible_apparmor": {
            "status": "disabled"
        }, 
        "ansible_architecture": "x86_64", 
        "ansible_bios_date": "04/05/2016", 
        "ansible_bios_version": "6.00", 
        "ansible_cmdline": {
            "BOOT_IMAGE": "/vmlinuz-3.10.0-1062.18.1.el7.x86_64", 
            "LANG": "en_US.UTF-8", 
            "crashkernel": "auto", 
            "quiet": true, 
            "rd.lvm.lv": "centos/swap", 
            "rhgb": true, 
            "ro": true, 
            "root": "/dev/mapper/centos-root"
        }, 
        "ansible_datapath": {
            "active": true, 
            "device": "datapath", 
            "features": {
                "busy_poll": "off [fixed]", 
                "fcoe_mtu": "off [fixed]", 
                "generic_receive_offload": "on", 
                "generic_segmentation_offload": "on", 
                "highdma": "on", 
                "hw_tc_offload": "off [fixed]", 
                "l2_fwd_offload": "off [fixed]", 
                "large_receive_offload": "off [fixed]", 
                "loopback": "off [fixed]", 
                "netns_local": "on [fixed]", 
                "ntuple_filters": "off [fixed]", 
                "receive_hashing": "off [fixed]", 
                "rx_all": "off [fixed]", 
                "rx_checksumming": "off [fixed]", 
                "rx_fcs": "off [fixed]", 
                "rx_gro_hw": "off [fixed]", 
                "rx_udp_tunnel_port_offload": "off [fixed]", 
                "rx_vlan_filter": "off [fixed]", 
                "rx_vlan_offload": "off [fixed]", 
                "rx_vlan_stag_filter": "off [fixed]", 
                "rx_vlan_stag_hw_parse": "off [fixed]", 
                "scatter_gather": "on", 
                "tcp_segmentation_offload": "on", 
                "tx_checksum_fcoe_crc": "off [fixed]", 
                "tx_checksum_ip_generic": "on", 
                "tx_checksum_ipv4": "off [fixed]", 
                "tx_checksum_ipv6": "off [fixed]", 
                "tx_checksum_sctp": "off [fixed]", 
                "tx_checksumming": "on", 
                "tx_fcoe_segmentation": "off [fixed]", 
                "tx_gre_csum_segmentation": "on", 
                "tx_gre_segmentation": "on", 
                "tx_gso_partial": "off [fixed]", 
                "tx_gso_robust": "off [fixed]", 
                "tx_ipip_segmentation": "on", 
                "tx_lockless": "on [fixed]", 
                "tx_nocache_copy": "off", 
                "tx_scatter_gather": "on", 
                "tx_scatter_gather_fraglist": "on", 
                "tx_sctp_segmentation": "on", 
                "tx_sit_segmentation": "on", 
                "tx_tcp6_segmentation": "on", 
                "tx_tcp_ecn_segmentation": "on", 
                "tx_tcp_mangleid_segmentation": "on", 
                "tx_tcp_segmentation": "on", 
                "tx_udp_tnl_csum_segmentation": "on", 
                "tx_udp_tnl_segmentation": "on", 
                "tx_vlan_offload": "on", 
                "tx_vlan_stag_hw_insert": "on", 
                "udp_fragmentation_offload": "on", 
                "vlan_challenged": "off [fixed]"
            }, 
            "hw_timestamp_filters": [], 
            "ipv6": [
                {
                    "address": "fe80::80b1:e3ff:fe40:81c4", 
                    "prefix": "64", 
                    "scope": "link"
                }
            ], 
            "macaddress": "82:b1:e3:40:81:c4", 
            "mtu": 1376, 
            "promisc": true, 
            "timestamping": [
                "rx_software", 
                "software"
            ], 
            "type": "ether"
        }, 
        "ansible_date_time": {
            "date": "2020-06-20", 
            "day": "20", 
            "epoch": "1592668261", 
            "hour": "11", 
            "iso8601": "2020-06-20T15:51:01Z", 
            "iso8601_basic": "20200620T115101733757", 
            "iso8601_basic_short": "20200620T115101", 
            "iso8601_micro": "2020-06-20T15:51:01.733920Z", 
            "minute": "51", 
            "month": "06", 
            "second": "01", 
            "time": "11:51:01", 
            "tz": "EDT", 
            "tz_offset": "-0400", 
            "weekday": "Saturday", 
            "weekday_number": "6", 
            "weeknumber": "24", 
            "year": "2020"
        }, 
        "ansible_default_ipv4": {
            "address": "192.168.2.214", 
            "alias": "ens192", 
            "broadcast": "192.168.2.255", 
            "gateway": "192.168.2.1", 
            "interface": "ens192", 
            "macaddress": "00:0c:29:74:53:46", 
            "mtu": 1500, 
            "netmask": "255.255.255.0", 
            "network": "192.168.2.0", 
            "type": "ether"
        }, 
        "ansible_default_ipv6": {}, 
        "ansible_device_links": {
            "ids": {
                "dm-0": [
                    "dm-name-centos-root", 
                    "dm-uuid-LVM-QpfHG7oJypZo3ecrVcUdfwTalQNpocELWhlZzHhY23frPhNwZD0BKe5gCyC2amfo"
                ], 
                "dm-1": [
                    "dm-name-centos-swap", 
                    "dm-uuid-LVM-QpfHG7oJypZo3ecrVcUdfwTalQNpocELlQMsJ7F52ByTTvDIiPvoj4pTSNhr4ZEz"
                ], 
                "sda2": [
                    "lvm-pv-uuid-JCxVkR-1V70-0hwx-JDDz-maRV-pK1P-QRXXMe"
                ], 
                "sr0": [
                    "ata-VMware_Virtual_SATA_CDRW_Drive_00000000000000000001"
                ]
            }, 
            "labels": {
                "sr0": [
                    "CentOS\\x207\\x20x86_64"
                ]
            }, 
            "masters": {
                "sda2": [
                    "dm-0", 
                    "dm-1"
                ]
            }, 
            "uuids": {
                "dm-0": [
                    "4ad5c4bf-a866-41a6-94c0-929e72290cdc"
                ], 
                "dm-1": [
                    "0bc2b8dd-b4cd-4d57-8ffc-27d9cec4be9b"
                ], 
                "sda1": [
                    "954766d9-8ac8-4635-b607-0bcf1cbd0e91"
                ], 
                "sr0": [
                    "2019-09-11-18-50-31-00"
                ]
            }
        }, 
        "ansible_devices": {
            "dm-0": {
                "holders": [], 
                "host": "", 
                "links": {
                    "ids": [
                        "dm-name-centos-root", 
                        "dm-uuid-LVM-QpfHG7oJypZo3ecrVcUdfwTalQNpocELWhlZzHhY23frPhNwZD0BKe5gCyC2amfo"
                    ], 
                    "labels": [], 
                    "masters": [], 
                    "uuids": [
                        "4ad5c4bf-a866-41a6-94c0-929e72290cdc"
                    ]
                }, 
                "model": null, 
                "partitions": {}, 
                "removable": "0", 
                "rotational": "1", 
                "sas_address": null, 
                "sas_device_handle": null, 
                "scheduler_mode": "", 
                "sectors": "28090368", 
                "sectorsize": "512", 
                "size": "13.39 GB", 
                "support_discard": "0", 
                "vendor": null, 
                "virtual": 1
            }, 
            "dm-1": {
                "holders": [], 
                "host": "", 
                "links": {
                    "ids": [
                        "dm-name-centos-swap", 
                        "dm-uuid-LVM-QpfHG7oJypZo3ecrVcUdfwTalQNpocELlQMsJ7F52ByTTvDIiPvoj4pTSNhr4ZEz"
                    ], 
                    "labels": [], 
                    "masters": [], 
                    "uuids": [
                        "0bc2b8dd-b4cd-4d57-8ffc-27d9cec4be9b"
                    ]
                }, 
                "model": null, 
                "partitions": {}, 
                "removable": "0", 
                "rotational": "1", 
                "sas_address": null, 
                "sas_device_handle": null, 
                "scheduler_mode": "", 
                "sectors": "3358720", 
                "sectorsize": "512", 
                "size": "1.60 GB", 
                "support_discard": "0", 
                "vendor": null, 
                "virtual": 1
            }, 
            "sda": {
                "holders": [], 
                "host": "Serial Attached SCSI controller: VMware PVSCSI SCSI Controller (rev 02)", 
                "links": {
                    "ids": [], 
                    "labels": [], 
                    "masters": [], 
                    "uuids": []
                }, 
                "model": "Virtual disk", 
                "partitions": {
                    "sda1": {
                        "holders": [], 
                        "links": {
                            "ids": [], 
                            "labels": [], 
                            "masters": [], 
                            "uuids": [
                                "954766d9-8ac8-4635-b607-0bcf1cbd0e91"
                            ]
                        }, 
                        "sectors": "2097152", 
                        "sectorsize": 512, 
                        "size": "1.00 GB", 
                        "start": "2048", 
                        "uuid": "954766d9-8ac8-4635-b607-0bcf1cbd0e91"
                    }, 
                    "sda2": {
                        "holders": [
                            "centos-root", 
                            "centos-swap"
                        ], 
                        "links": {
                            "ids": [
                                "lvm-pv-uuid-JCxVkR-1V70-0hwx-JDDz-maRV-pK1P-QRXXMe"
                            ], 
                            "labels": [], 
                            "masters": [
                                "dm-0", 
                                "dm-1"
                            ], 
                            "uuids": []
                        }, 
                        "sectors": "31455232", 
                        "sectorsize": 512, 
                        "size": "15.00 GB", 
                        "start": "2099200", 
                        "uuid": null
                    }
                }, 
                "removable": "0", 
                "rotational": "1", 
                "sas_address": null, 
                "sas_device_handle": null, 
                "scheduler_mode": "deadline", 
                "sectors": "33554432", 
                "sectorsize": "512", 
                "size": "16.00 GB", 
                "support_discard": "0", 
                "vendor": "VMware", 
                "virtual": 1
            }, 
            "sr0": {
                "holders": [], 
                "host": "SATA controller: VMware SATA AHCI controller", 
                "links": {
                    "ids": [
                        "ata-VMware_Virtual_SATA_CDRW_Drive_00000000000000000001"
                    ], 
                    "labels": [
                        "CentOS\\x207\\x20x86_64"
                    ], 
                    "masters": [], 
                    "uuids": [
                        "2019-09-11-18-50-31-00"
                    ]
                }, 
                "model": "VMware SATA CD00", 
                "partitions": {}, 
                "removable": "1", 
                "rotational": "1", 
                "sas_address": null, 
                "sas_device_handle": null, 
                "scheduler_mode": "deadline", 
                "sectors": "9109504", 
                "sectorsize": "2048", 
                "size": "4.34 GB", 
                "support_discard": "0", 
                "vendor": "NECVMWar", 
                "virtual": 1
            }
        }, 
        "ansible_distribution": "CentOS", 
        "ansible_distribution_file_parsed": true, 
        "ansible_distribution_file_path": "/etc/redhat-release", 
        "ansible_distribution_file_variety": "RedHat", 
        "ansible_distribution_major_version": "7", 
        "ansible_distribution_release": "Core", 
        "ansible_distribution_version": "7.7", 
        "ansible_dns": {
            "nameservers": [
                "192.168.2.52"
            ], 
            "search": [
                "telnetinfo.ca"
            ]
        }, 
        "ansible_docker0": {
            "active": false, 
            "device": "docker0", 
            "features": {
                "busy_poll": "off [fixed]", 
                "fcoe_mtu": "off [fixed]", 
                "generic_receive_offload": "on", 
                "generic_segmentation_offload": "on", 
                "highdma": "on", 
                "hw_tc_offload": "off [fixed]", 
                "l2_fwd_offload": "off [fixed]", 
                "large_receive_offload": "off [fixed]", 
                "loopback": "off [fixed]", 
                "netns_local": "on [fixed]", 
                "ntuple_filters": "off [fixed]", 
                "receive_hashing": "off [fixed]", 
                "rx_all": "off [fixed]", 
                "rx_checksumming": "off [fixed]", 
                "rx_fcs": "off [fixed]", 
                "rx_gro_hw": "off [fixed]", 
                "rx_udp_tunnel_port_offload": "off [fixed]", 
                "rx_vlan_filter": "off [fixed]", 
                "rx_vlan_offload": "off [fixed]", 
                "rx_vlan_stag_filter": "off [fixed]", 
                "rx_vlan_stag_hw_parse": "off [fixed]", 
                "scatter_gather": "on", 
                "tcp_segmentation_offload": "on", 
                "tx_checksum_fcoe_crc": "off [fixed]", 
                "tx_checksum_ip_generic": "on", 
                "tx_checksum_ipv4": "off [fixed]", 
                "tx_checksum_ipv6": "off [fixed]", 
                "tx_checksum_sctp": "off [fixed]", 
                "tx_checksumming": "on", 
                "tx_fcoe_segmentation": "on", 
                "tx_gre_csum_segmentation": "on", 
                "tx_gre_segmentation": "on", 
                "tx_gso_partial": "on", 
                "tx_gso_robust": "on", 
                "tx_ipip_segmentation": "on", 
                "tx_lockless": "on [fixed]", 
                "tx_nocache_copy": "off", 
                "tx_scatter_gather": "on", 
                "tx_scatter_gather_fraglist": "on", 
                "tx_sctp_segmentation": "on", 
                "tx_sit_segmentation": "on", 
                "tx_tcp6_segmentation": "on", 
                "tx_tcp_ecn_segmentation": "on", 
                "tx_tcp_mangleid_segmentation": "on", 
                "tx_tcp_segmentation": "on", 
                "tx_udp_tnl_csum_segmentation": "on", 
                "tx_udp_tnl_segmentation": "on", 
                "tx_vlan_offload": "on", 
                "tx_vlan_stag_hw_insert": "on", 
                "udp_fragmentation_offload": "on", 
                "vlan_challenged": "off [fixed]"
            }, 
            "hw_timestamp_filters": [], 
            "id": "8000.0242e80e3d92", 
            "interfaces": [], 
            "ipv4": {
                "address": "172.17.0.1", 
                "broadcast": "global", 
                "netmask": "255.255.0.0", 
                "network": "172.17.0.0"
            }, 
            "macaddress": "02:42:e8:0e:3d:92", 
            "mtu": 1500, 
            "promisc": false, 
            "stp": false, 
            "timestamping": [
                "rx_software", 
                "software"
            ], 
            "type": "bridge"
        }, 
        "ansible_domain": "telnetinfo.ca", 
        "ansible_dummy0": {
            "active": false, 
            "device": "dummy0", 
            "features": {
                "busy_poll": "off [fixed]", 
                "fcoe_mtu": "off [fixed]", 
                "generic_receive_offload": "on", 
                "generic_segmentation_offload": "on", 
                "highdma": "on [fixed]", 
                "hw_tc_offload": "off [fixed]", 
                "l2_fwd_offload": "off [fixed]", 
                "large_receive_offload": "off [fixed]", 
                "loopback": "off [fixed]", 
                "netns_local": "off [fixed]", 
                "ntuple_filters": "off [fixed]", 
                "receive_hashing": "off [fixed]", 
                "rx_all": "off [fixed]", 
                "rx_checksumming": "off [fixed]", 
                "rx_fcs": "off [fixed]", 
                "rx_gro_hw": "off [fixed]", 
                "rx_udp_tunnel_port_offload": "off [fixed]", 
                "rx_vlan_filter": "off [fixed]", 
                "rx_vlan_offload": "off [fixed]", 
                "rx_vlan_stag_filter": "off [fixed]", 
                "rx_vlan_stag_hw_parse": "off [fixed]", 
                "scatter_gather": "on", 
                "tcp_segmentation_offload": "on", 
                "tx_checksum_fcoe_crc": "off [fixed]", 
                "tx_checksum_ip_generic": "on [fixed]", 
                "tx_checksum_ipv4": "off [fixed]", 
                "tx_checksum_ipv6": "off [fixed]", 
                "tx_checksum_sctp": "off [fixed]", 
                "tx_checksumming": "on", 
                "tx_fcoe_segmentation": "off [fixed]", 
                "tx_gre_csum_segmentation": "off [fixed]", 
                "tx_gre_segmentation": "off [fixed]", 
                "tx_gso_partial": "off [fixed]", 
                "tx_gso_robust": "off [fixed]", 
                "tx_ipip_segmentation": "off [fixed]", 
                "tx_lockless": "on [fixed]", 
                "tx_nocache_copy": "off", 
                "tx_scatter_gather": "on [fixed]", 
                "tx_scatter_gather_fraglist": "on [fixed]", 
                "tx_sctp_segmentation": "off [fixed]", 
                "tx_sit_segmentation": "off [fixed]", 
                "tx_tcp6_segmentation": "off [fixed]", 
                "tx_tcp_ecn_segmentation": "off [fixed]", 
                "tx_tcp_mangleid_segmentation": "off [fixed]", 
                "tx_tcp_segmentation": "on [fixed]", 
                "tx_udp_tnl_csum_segmentation": "off [fixed]", 
                "tx_udp_tnl_segmentation": "off [fixed]", 
                "tx_vlan_offload": "off [fixed]", 
                "tx_vlan_stag_hw_insert": "off [fixed]", 
                "udp_fragmentation_offload": "off [fixed]", 
                "vlan_challenged": "off [fixed]"
            }, 
            "hw_timestamp_filters": [], 
            "macaddress": "ee:73:4b:2c:cc:46", 
            "mtu": 1500, 
            "promisc": false, 
            "timestamping": [
                "rx_software", 
                "software"
            ], 
            "type": "ether"
        }, 
        "ansible_effective_group_id": 1001, 
        "ansible_effective_user_id": 1001, 
        "ansible_ens192": {
            "active": true, 
            "device": "ens192", 
            "features": {
                "busy_poll": "off [fixed]", 
                "fcoe_mtu": "off [fixed]", 
                "generic_receive_offload": "on", 
                "generic_segmentation_offload": "on", 
                "highdma": "on", 
                "hw_tc_offload": "off [fixed]", 
                "l2_fwd_offload": "off [fixed]", 
                "large_receive_offload": "off", 
                "loopback": "off [fixed]", 
                "netns_local": "off [fixed]", 
                "ntuple_filters": "off [fixed]", 
                "receive_hashing": "on", 
                "rx_all": "off [fixed]", 
                "rx_checksumming": "on", 
                "rx_fcs": "off [fixed]", 
                "rx_gro_hw": "off [fixed]", 
                "rx_udp_tunnel_port_offload": "off [fixed]", 
                "rx_vlan_filter": "on [fixed]", 
                "rx_vlan_offload": "on", 
                "rx_vlan_stag_filter": "off [fixed]", 
                "rx_vlan_stag_hw_parse": "off [fixed]", 
                "scatter_gather": "on", 
                "tcp_segmentation_offload": "on", 
                "tx_checksum_fcoe_crc": "off [fixed]", 
                "tx_checksum_ip_generic": "on", 
                "tx_checksum_ipv4": "off [fixed]", 
                "tx_checksum_ipv6": "off [fixed]", 
                "tx_checksum_sctp": "off [fixed]", 
                "tx_checksumming": "on", 
                "tx_fcoe_segmentation": "off [fixed]", 
                "tx_gre_csum_segmentation": "off [fixed]", 
                "tx_gre_segmentation": "off [fixed]", 
                "tx_gso_partial": "off [fixed]", 
                "tx_gso_robust": "off [fixed]", 
                "tx_ipip_segmentation": "off [fixed]", 
                "tx_lockless": "off [fixed]", 
                "tx_nocache_copy": "off", 
                "tx_scatter_gather": "on", 
                "tx_scatter_gather_fraglist": "off [fixed]", 
                "tx_sctp_segmentation": "off [fixed]", 
                "tx_sit_segmentation": "off [fixed]", 
                "tx_tcp6_segmentation": "on", 
                "tx_tcp_ecn_segmentation": "off [fixed]", 
                "tx_tcp_mangleid_segmentation": "off", 
                "tx_tcp_segmentation": "on", 
                "tx_udp_tnl_csum_segmentation": "off [fixed]", 
                "tx_udp_tnl_segmentation": "off [fixed]", 
                "tx_vlan_offload": "on", 
                "tx_vlan_stag_hw_insert": "off [fixed]", 
                "udp_fragmentation_offload": "off [fixed]", 
                "vlan_challenged": "off [fixed]"
            }, 
            "hw_timestamp_filters": [], 
            "ipv4": {
                "address": "192.168.2.214", 
                "broadcast": "192.168.2.255", 
                "netmask": "255.255.255.0", 
                "network": "192.168.2.0"
            }, 
            "ipv6": [
                {
                    "address": "fe80::9b8:6d6d:dbd0:f592", 
                    "prefix": "64", 
                    "scope": "link"
                }
            ], 
            "macaddress": "00:0c:29:74:53:46", 
            "module": "vmxnet3", 
            "mtu": 1500, 
            "pciid": "0000:0b:00.0", 
            "promisc": false, 
            "speed": 10000, 
            "timestamping": [
                "rx_software", 
                "software"
            ], 
            "type": "ether"
        }, 
        "ansible_env": {
            "HOME": "/home/devops", 
            "LANG": "C", 
            "LC_ALL": "C", 
            "LC_NUMERIC": "C", 
            "LESSOPEN": "||/usr/bin/lesspipe.sh %s", 
            "LOGNAME": "devops", 
            "LS_COLORS": "rs=0:di=01;34:ln=01;36:mh=00:pi=40;33:so=01;35:do=01;35:bd=40;33;01:cd=40;33;01:or=40;31;01:mi=01;05;37;41:su=37;41:sg=30;43:ca=30;41:tw=30;42:ow=34;42:st=37;44:ex=01;32:*.tar=01;31:*.tgz=01;31:*.arc=01;31:*.arj=01;31:*.taz=01;31:*.lha=01;31:*.lz4=01;31:*.lzh=01;31:*.lzma=01;31:*.tlz=01;31:*.txz=01;31:*.tzo=01;31:*.t7z=01;31:*.zip=01;31:*.z=01;31:*.Z=01;31:*.dz=01;31:*.gz=01;31:*.lrz=01;31:*.lz=01;31:*.lzo=01;31:*.xz=01;31:*.bz2=01;31:*.bz=01;31:*.tbz=01;31:*.tbz2=01;31:*.tz=01;31:*.deb=01;31:*.rpm=01;31:*.jar=01;31:*.war=01;31:*.ear=01;31:*.sar=01;31:*.rar=01;31:*.alz=01;31:*.ace=01;31:*.zoo=01;31:*.cpio=01;31:*.7z=01;31:*.rz=01;31:*.cab=01;31:*.jpg=01;35:*.jpeg=01;35:*.gif=01;35:*.bmp=01;35:*.pbm=01;35:*.pgm=01;35:*.ppm=01;35:*.tga=01;35:*.xbm=01;35:*.xpm=01;35:*.tif=01;35:*.tiff=01;35:*.png=01;35:*.svg=01;35:*.svgz=01;35:*.mng=01;35:*.pcx=01;35:*.mov=01;35:*.mpg=01;35:*.mpeg=01;35:*.m2v=01;35:*.mkv=01;35:*.webm=01;35:*.ogm=01;35:*.mp4=01;35:*.m4v=01;35:*.mp4v=01;35:*.vob=01;35:*.qt=01;35:*.nuv=01;35:*.wmv=01;35:*.asf=01;35:*.rm=01;35:*.rmvb=01;35:*.flc=01;35:*.avi=01;35:*.fli=01;35:*.flv=01;35:*.gl=01;35:*.dl=01;35:*.xcf=01;35:*.xwd=01;35:*.yuv=01;35:*.cgm=01;35:*.emf=01;35:*.axv=01;35:*.anx=01;35:*.ogv=01;35:*.ogx=01;35:*.aac=01;36:*.au=01;36:*.flac=01;36:*.mid=01;36:*.midi=01;36:*.mka=01;36:*.mp3=01;36:*.mpc=01;36:*.ogg=01;36:*.ra=01;36:*.wav=01;36:*.axa=01;36:*.oga=01;36:*.spx=01;36:*.xspf=01;36:", 
            "MAIL": "/var/mail/devops", 
            "PATH": "/usr/local/bin:/usr/bin", 
            "PWD": "/home/devops", 
            "SHELL": "/bin/bash", 
            "SHLVL": "2", 
            "SSH_CLIENT": "192.168.2.211 53468 22", 
            "SSH_CONNECTION": "192.168.2.211 53468 192.168.2.214 22", 
            "SSH_TTY": "/dev/pts/0", 
            "TERM": "vt100", 
            "USER": "devops", 
            "XDG_RUNTIME_DIR": "/run/user/1001", 
            "XDG_SESSION_ID": "19", 
            "_": "/usr/bin/python"
        }, 
        "ansible_fibre_channel_wwn": [], 
        "ansible_fips": false, 
        "ansible_form_factor": "Other", 
        "ansible_fqdn": "k-worker1.telnetinfo.ca", 
        "ansible_hostname": "k-worker1", 
        "ansible_hostnqn": "", 
        "ansible_interfaces": [
            "vethwepl5d0087c", 
            "vethwe-bridge", 
            "vethwepl0045a18", 
            "lo", 
            "vethwe-datapath", 
            "datapath", 
            "vethwepl1246412", 
            "docker0", 
            "vethweplaa17e04", 
            "vethwepl305020a", 
            "dummy0", 
            "vxlan-6784", 
            "ens192", 
            "weave"
        ], 
        "ansible_is_chroot": true, 
        "ansible_iscsi_iqn": "iqn.1994-05.com.redhat:168afa97bbe", 
        "ansible_kernel": "3.10.0-1062.18.1.el7.x86_64", 
        "ansible_kernel_version": "#1 SMP Tue Mar 17 23:49:17 UTC 2020", 
        "ansible_lo": {
            "active": true, 
            "device": "lo", 
            "features": {
                "busy_poll": "off [fixed]", 
                "fcoe_mtu": "off [fixed]", 
                "generic_receive_offload": "on", 
                "generic_segmentation_offload": "on", 
                "highdma": "on [fixed]", 
                "hw_tc_offload": "off [fixed]", 
                "l2_fwd_offload": "off [fixed]", 
                "large_receive_offload": "off [fixed]", 
                "loopback": "on [fixed]", 
                "netns_local": "on [fixed]", 
                "ntuple_filters": "off [fixed]", 
                "receive_hashing": "off [fixed]", 
                "rx_all": "off [fixed]", 
                "rx_checksumming": "on [fixed]", 
                "rx_fcs": "off [fixed]", 
                "rx_gro_hw": "off [fixed]", 
                "rx_udp_tunnel_port_offload": "off [fixed]", 
                "rx_vlan_filter": "off [fixed]", 
                "rx_vlan_offload": "off [fixed]", 
                "rx_vlan_stag_filter": "off [fixed]", 
                "rx_vlan_stag_hw_parse": "off [fixed]", 
                "scatter_gather": "on", 
                "tcp_segmentation_offload": "on", 
                "tx_checksum_fcoe_crc": "off [fixed]", 
                "tx_checksum_ip_generic": "on [fixed]", 
                "tx_checksum_ipv4": "off [fixed]", 
                "tx_checksum_ipv6": "off [fixed]", 
                "tx_checksum_sctp": "on [fixed]", 
                "tx_checksumming": "on", 
                "tx_fcoe_segmentation": "off [fixed]", 
                "tx_gre_csum_segmentation": "off [fixed]", 
                "tx_gre_segmentation": "off [fixed]", 
                "tx_gso_partial": "off [fixed]", 
                "tx_gso_robust": "off [fixed]", 
                "tx_ipip_segmentation": "off [fixed]", 
                "tx_lockless": "on [fixed]", 
                "tx_nocache_copy": "off [fixed]", 
                "tx_scatter_gather": "on [fixed]", 
                "tx_scatter_gather_fraglist": "on [fixed]", 
                "tx_sctp_segmentation": "on", 
                "tx_sit_segmentation": "off [fixed]", 
                "tx_tcp6_segmentation": "on", 
                "tx_tcp_ecn_segmentation": "on", 
                "tx_tcp_mangleid_segmentation": "on", 
                "tx_tcp_segmentation": "on", 
                "tx_udp_tnl_csum_segmentation": "off [fixed]", 
                "tx_udp_tnl_segmentation": "off [fixed]", 
                "tx_vlan_offload": "off [fixed]", 
                "tx_vlan_stag_hw_insert": "off [fixed]", 
                "udp_fragmentation_offload": "on", 
                "vlan_challenged": "on [fixed]"
            }, 
            "hw_timestamp_filters": [], 
            "ipv4": {
                "address": "127.0.0.1", 
                "broadcast": "host", 
                "netmask": "255.0.0.0", 
                "network": "127.0.0.0"
            }, 
            "ipv6": [
                {
                    "address": "::1", 
                    "prefix": "128", 
                    "scope": "host"
                }
            ], 
            "mtu": 65536, 
            "promisc": false, 
            "timestamping": [
                "rx_software", 
                "software"
            ], 
            "type": "loopback"
        }, 
        "ansible_local": {}, 
        "ansible_lsb": {}, 
        "ansible_machine": "x86_64", 
        "ansible_machine_id": "ea884d30b3094298ba9ebf9b3796a2ba", 
        "ansible_memfree_mb": 901, 
        "ansible_memory_mb": {
            "nocache": {
                "free": 1415, 
                "used": 423
            }, 
            "real": {
                "free": 901, 
                "total": 1838, 
                "used": 937
            }, 
            "swap": {
                "cached": 0, 
                "free": 0, 
                "total": 0, 
                "used": 0
            }
        }, 
        "ansible_memtotal_mb": 1838, 
        "ansible_mounts": [
            {
                "block_available": 2383067, 
                "block_size": 4096, 
                "block_total": 3508736, 
                "block_used": 1125669, 
                "device": "/dev/mapper/centos-root", 
                "fstype": "xfs", 
                "inode_available": 6892975, 
                "inode_total": 7022592, 
                "inode_used": 129617, 
                "mount": "/var/lib/docker/overlay2", 
                "options": "rw,relatime,attr2,inode64,noquota,bind", 
                "size_available": 9761042432, 
                "size_total": 14371782656, 
                "uuid": "4ad5c4bf-a866-41a6-94c0-929e72290cdc"
            }, 
            {
                "block_available": 209142, 
                "block_size": 4096, 
                "block_total": 259584, 
                "block_used": 50442, 
                "device": "/dev/sda1", 
                "fstype": "xfs", 
                "inode_available": 523954, 
                "inode_total": 524288, 
                "inode_used": 334, 
                "mount": "/boot", 
                "options": "rw,relatime,attr2,inode64,noquota", 
                "size_available": 856645632, 
                "size_total": 1063256064, 
                "uuid": "954766d9-8ac8-4635-b607-0bcf1cbd0e91"
            }, 
            {
                "block_available": 2383067, 
                "block_size": 4096, 
                "block_total": 3508736, 
                "block_used": 1125669, 
                "device": "/dev/mapper/centos-root", 
                "fstype": "xfs", 
                "inode_available": 6892975, 
                "inode_total": 7022592, 
                "inode_used": 129617, 
                "mount": "/var/lib/docker/containers", 
                "options": "rw,relatime,attr2,inode64,noquota,bind", 
                "size_available": 9761042432, 
                "size_total": 14371782656, 
                "uuid": "4ad5c4bf-a866-41a6-94c0-929e72290cdc"
            }, 
            {
                "block_available": 2383067, 
                "block_size": 4096, 
                "block_total": 3508736, 
                "block_used": 1125669, 
                "device": "/dev/mapper/centos-root", 
                "fstype": "xfs", 
                "inode_available": 6892975, 
                "inode_total": 7022592, 
                "inode_used": 129617, 
                "mount": "/", 
                "options": "rw,relatime,attr2,inode64,noquota", 
                "size_available": 9761042432, 
                "size_total": 14371782656, 
                "uuid": "4ad5c4bf-a866-41a6-94c0-929e72290cdc"
            }, 
            {
                "device": "192.168.2.211:/kube-pv/data", 
                "fstype": "nfs4", 
                "mount": "/var/lib/kubelet/pods/d3318d8a-aa66-4e77-a7cb-baf2b0e74657/volumes/kubernetes.io~nfs/mynginx-pv", 
                "options": "rw,relatime,vers=4.1,rsize=1048576,wsize=1048576,namlen=255,hard,proto=tcp,timeo=600,retrans=2,sec=sys,clientaddr=192.168.2.214,local_lock=none,addr=192.168.2.211", 
                "uuid": "N/A"
            }
        ], 
        "ansible_nodename": "k-worker1", 
        "ansible_os_family": "RedHat", 
        "ansible_pkg_mgr": "yum", 
        "ansible_proc_cmdline": {
            "BOOT_IMAGE": "/vmlinuz-3.10.0-1062.18.1.el7.x86_64", 
            "LANG": "en_US.UTF-8", 
            "crashkernel": "auto", 
            "quiet": true, 
            "rd.lvm.lv": [
                "centos/root", 
                "centos/swap"
            ], 
            "rhgb": true, 
            "ro": true, 
            "root": "/dev/mapper/centos-root"
        }, 
        "ansible_processor": [
            "0", 
            "GenuineIntel", 
            "Intel(R) Xeon(R) CPU           L5520  @ 2.27GHz", 
            "1", 
            "GenuineIntel", 
            "Intel(R) Xeon(R) CPU           L5520  @ 2.27GHz"
        ], 
        "ansible_processor_cores": 1, 
        "ansible_processor_count": 2, 
        "ansible_processor_threads_per_core": 1, 
        "ansible_processor_vcpus": 2, 
        "ansible_product_name": "VMware Virtual Platform", 
        "ansible_product_serial": "NA", 
        "ansible_product_uuid": "NA", 
        "ansible_product_version": "None", 
        "ansible_python": {
            "executable": "/usr/bin/python", 
            "has_sslcontext": true, 
            "type": "CPython", 
            "version": {
                "major": 2, 
                "micro": 5, 
                "minor": 7, 
                "releaselevel": "final", 
                "serial": 0
            }, 
            "version_info": [
                2, 
                7, 
                5, 
                "final", 
                0
            ]
        }, 
        "ansible_python_version": "2.7.5", 
        "ansible_real_group_id": 1001, 
        "ansible_real_user_id": 1001, 
        "ansible_selinux": {
            "status": "disabled"
        }, 
        "ansible_selinux_python_present": true, 
        "ansible_service_mgr": "systemd", 
        "ansible_ssh_host_key_ecdsa_public": "AAAAE2VjZHNhLXNoYTItbmlzdHAyNTYAAAAIbmlzdHAyNTYAAABBBPTQGLHVgyftesZTXGXZRIuw0zoaaQa5MUom9sUJUSRHvAMr9VKUJP9BInR4kcL6vt96AVkrypijD4VFOW0dGTs=", 
        "ansible_ssh_host_key_ed25519_public": "AAAAC3NzaC1lZDI1NTE5AAAAIDQFxB0mqSNhXNiRhMOcmUD6KPQ8H9/+Ftb2Ngr7XKdK", 
        "ansible_ssh_host_key_rsa_public": "AAAAB3NzaC1yc2EAAAADAQABAAABAQDamLkFelD9F+YaEESTLmN+82cWgSdz1QZ1/2DzMKoqsHmh0Yoji0DXABF45tTH2QY2d94qMxuVuyAE6fY4HXEdk8yFx0nEfpfoN2PpKc/W2Zz92jgvmvnS5GLXutpWEI4vfIngRxktpjfP/7Iz6z5c+hIewYEjivkGhvhNi2mdEDOQ0oZGyVkYZ+0TaiBjHsPVzgodTcWigxlnxuwCpyr1eVDD0AJ9n7IvQalJk3jl6l9KxxfdsrZy5PWuQeUfPrJyVzDFE6V0N7yvOKAU09YXaFeGyLm3pHPsLPrsyDT3zuO7sjrg+CpA+I8AINzJ6QIN9IBabXzQid336cM62Q3V", 
        "ansible_swapfree_mb": 0, 
        "ansible_swaptotal_mb": 0, 
        "ansible_system": "Linux", 
        "ansible_system_capabilities": [
            ""
        ], 
        "ansible_system_capabilities_enforced": "True", 
        "ansible_system_vendor": "VMware, Inc.", 
        "ansible_uptime_seconds": 4139, 
        "ansible_user_dir": "/home/devops", 
        "ansible_user_gecos": "", 
        "ansible_user_gid": 1001, 
        "ansible_user_id": "devops", 
        "ansible_user_shell": "/bin/bash", 
        "ansible_user_uid": 1001, 
        "ansible_userspace_architecture": "x86_64", 
        "ansible_userspace_bits": "64", 
        "ansible_vethwe_bridge": {
            "active": true, 
            "device": "vethwe-bridge", 
            "features": {
                "busy_poll": "off [fixed]", 
                "fcoe_mtu": "off [fixed]", 
                "generic_receive_offload": "on", 
                "generic_segmentation_offload": "on", 
                "highdma": "on", 
                "hw_tc_offload": "off [fixed]", 
                "l2_fwd_offload": "off [fixed]", 
                "large_receive_offload": "off [fixed]", 
                "loopback": "off [fixed]", 
                "netns_local": "off [fixed]", 
                "ntuple_filters": "off [fixed]", 
                "receive_hashing": "off [fixed]", 
                "rx_all": "off [fixed]", 
                "rx_checksumming": "on", 
                "rx_fcs": "off [fixed]", 
                "rx_gro_hw": "off [fixed]", 
                "rx_udp_tunnel_port_offload": "off [fixed]", 
                "rx_vlan_filter": "off [fixed]", 
                "rx_vlan_offload": "on", 
                "rx_vlan_stag_filter": "off [fixed]", 
                "rx_vlan_stag_hw_parse": "on", 
                "scatter_gather": "on", 
                "tcp_segmentation_offload": "on", 
                "tx_checksum_fcoe_crc": "off [fixed]", 
                "tx_checksum_ip_generic": "on", 
                "tx_checksum_ipv4": "off [fixed]", 
                "tx_checksum_ipv6": "off [fixed]", 
                "tx_checksum_sctp": "on", 
                "tx_checksumming": "on", 
                "tx_fcoe_segmentation": "off [fixed]", 
                "tx_gre_csum_segmentation": "on", 
                "tx_gre_segmentation": "on", 
                "tx_gso_partial": "off [fixed]", 
                "tx_gso_robust": "off [fixed]", 
                "tx_ipip_segmentation": "on", 
                "tx_lockless": "on [fixed]", 
                "tx_nocache_copy": "off", 
                "tx_scatter_gather": "on", 
                "tx_scatter_gather_fraglist": "on", 
                "tx_sctp_segmentation": "on", 
                "tx_sit_segmentation": "on", 
                "tx_tcp6_segmentation": "on", 
                "tx_tcp_ecn_segmentation": "on", 
                "tx_tcp_mangleid_segmentation": "on", 
                "tx_tcp_segmentation": "on", 
                "tx_udp_tnl_csum_segmentation": "on", 
                "tx_udp_tnl_segmentation": "on", 
                "tx_vlan_offload": "on", 
                "tx_vlan_stag_hw_insert": "on", 
                "udp_fragmentation_offload": "on", 
                "vlan_challenged": "off [fixed]"
            }, 
            "hw_timestamp_filters": [], 
            "ipv6": [
                {
                    "address": "fe80::e012:d1ff:fe5c:94a4", 
                    "prefix": "64", 
                    "scope": "link"
                }
            ], 
            "macaddress": "e2:12:d1:5c:94:a4", 
            "mtu": 1376, 
            "promisc": true, 
            "speed": 10000, 
            "timestamping": [
                "rx_software", 
                "software"
            ], 
            "type": "ether"
        }, 
        "ansible_vethwe_datapath": {
            "active": true, 
            "device": "vethwe-datapath", 
            "features": {
                "busy_poll": "off [fixed]", 
                "fcoe_mtu": "off [fixed]", 
                "generic_receive_offload": "on", 
                "generic_segmentation_offload": "on", 
                "highdma": "on", 
                "hw_tc_offload": "off [fixed]", 
                "l2_fwd_offload": "off [fixed]", 
                "large_receive_offload": "off [fixed]", 
                "loopback": "off [fixed]", 
                "netns_local": "off [fixed]", 
                "ntuple_filters": "off [fixed]", 
                "receive_hashing": "off [fixed]", 
                "rx_all": "off [fixed]", 
                "rx_checksumming": "on", 
                "rx_fcs": "off [fixed]", 
                "rx_gro_hw": "off [fixed]", 
                "rx_udp_tunnel_port_offload": "off [fixed]", 
                "rx_vlan_filter": "off [fixed]", 
                "rx_vlan_offload": "on", 
                "rx_vlan_stag_filter": "off [fixed]", 
                "rx_vlan_stag_hw_parse": "on", 
                "scatter_gather": "on", 
                "tcp_segmentation_offload": "on", 
                "tx_checksum_fcoe_crc": "off [fixed]", 
                "tx_checksum_ip_generic": "on", 
                "tx_checksum_ipv4": "off [fixed]", 
                "tx_checksum_ipv6": "off [fixed]", 
                "tx_checksum_sctp": "on", 
                "tx_checksumming": "on", 
                "tx_fcoe_segmentation": "off [fixed]", 
                "tx_gre_csum_segmentation": "on", 
                "tx_gre_segmentation": "on", 
                "tx_gso_partial": "off [fixed]", 
                "tx_gso_robust": "off [fixed]", 
                "tx_ipip_segmentation": "on", 
                "tx_lockless": "on [fixed]", 
                "tx_nocache_copy": "off", 
                "tx_scatter_gather": "on", 
                "tx_scatter_gather_fraglist": "on", 
                "tx_sctp_segmentation": "on", 
                "tx_sit_segmentation": "on", 
                "tx_tcp6_segmentation": "on", 
                "tx_tcp_ecn_segmentation": "on", 
                "tx_tcp_mangleid_segmentation": "on", 
                "tx_tcp_segmentation": "on", 
                "tx_udp_tnl_csum_segmentation": "on", 
                "tx_udp_tnl_segmentation": "on", 
                "tx_vlan_offload": "on", 
                "tx_vlan_stag_hw_insert": "on", 
                "udp_fragmentation_offload": "on", 
                "vlan_challenged": "off [fixed]"
            }, 
            "hw_timestamp_filters": [], 
            "ipv6": [
                {
                    "address": "fe80::9868:30ff:fe49:ca41", 
                    "prefix": "64", 
                    "scope": "link"
                }
            ], 
            "macaddress": "9a:68:30:49:ca:41", 
            "mtu": 1376, 
            "promisc": true, 
            "speed": 10000, 
            "timestamping": [
                "rx_software", 
                "software"
            ], 
            "type": "ether"
        }, 
        "ansible_vethwepl0045a18": {
            "active": true, 
            "device": "vethwepl0045a18", 
            "features": {
                "busy_poll": "off [fixed]", 
                "fcoe_mtu": "off [fixed]", 
                "generic_receive_offload": "on", 
                "generic_segmentation_offload": "on", 
                "highdma": "on", 
                "hw_tc_offload": "off [fixed]", 
                "l2_fwd_offload": "off [fixed]", 
                "large_receive_offload": "off [fixed]", 
                "loopback": "off [fixed]", 
                "netns_local": "off [fixed]", 
                "ntuple_filters": "off [fixed]", 
                "receive_hashing": "off [fixed]", 
                "rx_all": "off [fixed]", 
                "rx_checksumming": "on", 
                "rx_fcs": "off [fixed]", 
                "rx_gro_hw": "off [fixed]", 
                "rx_udp_tunnel_port_offload": "off [fixed]", 
                "rx_vlan_filter": "off [fixed]", 
                "rx_vlan_offload": "on", 
                "rx_vlan_stag_filter": "off [fixed]", 
                "rx_vlan_stag_hw_parse": "on", 
                "scatter_gather": "on", 
                "tcp_segmentation_offload": "on", 
                "tx_checksum_fcoe_crc": "off [fixed]", 
                "tx_checksum_ip_generic": "on", 
                "tx_checksum_ipv4": "off [fixed]", 
                "tx_checksum_ipv6": "off [fixed]", 
                "tx_checksum_sctp": "on", 
                "tx_checksumming": "on", 
                "tx_fcoe_segmentation": "off [fixed]", 
                "tx_gre_csum_segmentation": "on", 
                "tx_gre_segmentation": "on", 
                "tx_gso_partial": "off [fixed]", 
                "tx_gso_robust": "off [fixed]", 
                "tx_ipip_segmentation": "on", 
                "tx_lockless": "on [fixed]", 
                "tx_nocache_copy": "off", 
                "tx_scatter_gather": "on", 
                "tx_scatter_gather_fraglist": "on", 
                "tx_sctp_segmentation": "on", 
                "tx_sit_segmentation": "on", 
                "tx_tcp6_segmentation": "on", 
                "tx_tcp_ecn_segmentation": "on", 
                "tx_tcp_mangleid_segmentation": "on", 
                "tx_tcp_segmentation": "on", 
                "tx_udp_tnl_csum_segmentation": "on", 
                "tx_udp_tnl_segmentation": "on", 
                "tx_vlan_offload": "on", 
                "tx_vlan_stag_hw_insert": "on", 
                "udp_fragmentation_offload": "on", 
                "vlan_challenged": "off [fixed]"
            }, 
            "hw_timestamp_filters": [], 
            "ipv6": [
                {
                    "address": "fe80::ec71:dcff:fe42:8bf0", 
                    "prefix": "64", 
                    "scope": "link"
                }
            ], 
            "macaddress": "ee:71:dc:42:8b:f0", 
            "mtu": 1376, 
            "promisc": true, 
            "speed": 10000, 
            "timestamping": [
                "rx_software", 
                "software"
            ], 
            "type": "ether"
        }, 
        "ansible_vethwepl1246412": {
            "active": true, 
            "device": "vethwepl1246412", 
            "features": {
                "busy_poll": "off [fixed]", 
                "fcoe_mtu": "off [fixed]", 
                "generic_receive_offload": "on", 
                "generic_segmentation_offload": "on", 
                "highdma": "on", 
                "hw_tc_offload": "off [fixed]", 
                "l2_fwd_offload": "off [fixed]", 
                "large_receive_offload": "off [fixed]", 
                "loopback": "off [fixed]", 
                "netns_local": "off [fixed]", 
                "ntuple_filters": "off [fixed]", 
                "receive_hashing": "off [fixed]", 
                "rx_all": "off [fixed]", 
                "rx_checksumming": "on", 
                "rx_fcs": "off [fixed]", 
                "rx_gro_hw": "off [fixed]", 
                "rx_udp_tunnel_port_offload": "off [fixed]", 
                "rx_vlan_filter": "off [fixed]", 
                "rx_vlan_offload": "on", 
                "rx_vlan_stag_filter": "off [fixed]", 
                "rx_vlan_stag_hw_parse": "on", 
                "scatter_gather": "on", 
                "tcp_segmentation_offload": "on", 
                "tx_checksum_fcoe_crc": "off [fixed]", 
                "tx_checksum_ip_generic": "on", 
                "tx_checksum_ipv4": "off [fixed]", 
                "tx_checksum_ipv6": "off [fixed]", 
                "tx_checksum_sctp": "on", 
                "tx_checksumming": "on", 
                "tx_fcoe_segmentation": "off [fixed]", 
                "tx_gre_csum_segmentation": "on", 
                "tx_gre_segmentation": "on", 
                "tx_gso_partial": "off [fixed]", 
                "tx_gso_robust": "off [fixed]", 
                "tx_ipip_segmentation": "on", 
                "tx_lockless": "on [fixed]", 
                "tx_nocache_copy": "off", 
                "tx_scatter_gather": "on", 
                "tx_scatter_gather_fraglist": "on", 
                "tx_sctp_segmentation": "on", 
                "tx_sit_segmentation": "on", 
                "tx_tcp6_segmentation": "on", 
                "tx_tcp_ecn_segmentation": "on", 
                "tx_tcp_mangleid_segmentation": "on", 
                "tx_tcp_segmentation": "on", 
                "tx_udp_tnl_csum_segmentation": "on", 
                "tx_udp_tnl_segmentation": "on", 
                "tx_vlan_offload": "on", 
                "tx_vlan_stag_hw_insert": "on", 
                "udp_fragmentation_offload": "on", 
                "vlan_challenged": "off [fixed]"
            }, 
            "hw_timestamp_filters": [], 
            "ipv6": [
                {
                    "address": "fe80::3058:1cff:fe9e:49e5", 
                    "prefix": "64", 
                    "scope": "link"
                }
            ], 
            "macaddress": "32:58:1c:9e:49:e5", 
            "mtu": 1376, 
            "promisc": true, 
            "speed": 10000, 
            "timestamping": [
                "rx_software", 
                "software"
            ], 
            "type": "ether"
        }, 
        "ansible_vethwepl305020a": {
            "active": true, 
            "device": "vethwepl305020a", 
            "features": {
                "busy_poll": "off [fixed]", 
                "fcoe_mtu": "off [fixed]", 
                "generic_receive_offload": "on", 
                "generic_segmentation_offload": "on", 
                "highdma": "on", 
                "hw_tc_offload": "off [fixed]", 
                "l2_fwd_offload": "off [fixed]", 
                "large_receive_offload": "off [fixed]", 
                "loopback": "off [fixed]", 
                "netns_local": "off [fixed]", 
                "ntuple_filters": "off [fixed]", 
                "receive_hashing": "off [fixed]", 
                "rx_all": "off [fixed]", 
                "rx_checksumming": "on", 
                "rx_fcs": "off [fixed]", 
                "rx_gro_hw": "off [fixed]", 
                "rx_udp_tunnel_port_offload": "off [fixed]", 
                "rx_vlan_filter": "off [fixed]", 
                "rx_vlan_offload": "on", 
                "rx_vlan_stag_filter": "off [fixed]", 
                "rx_vlan_stag_hw_parse": "on", 
                "scatter_gather": "on", 
                "tcp_segmentation_offload": "on", 
                "tx_checksum_fcoe_crc": "off [fixed]", 
                "tx_checksum_ip_generic": "on", 
                "tx_checksum_ipv4": "off [fixed]", 
                "tx_checksum_ipv6": "off [fixed]", 
                "tx_checksum_sctp": "on", 
                "tx_checksumming": "on", 
                "tx_fcoe_segmentation": "off [fixed]", 
                "tx_gre_csum_segmentation": "on", 
                "tx_gre_segmentation": "on", 
                "tx_gso_partial": "off [fixed]", 
                "tx_gso_robust": "off [fixed]", 
                "tx_ipip_segmentation": "on", 
                "tx_lockless": "on [fixed]", 
                "tx_nocache_copy": "off", 
                "tx_scatter_gather": "on", 
                "tx_scatter_gather_fraglist": "on", 
                "tx_sctp_segmentation": "on", 
                "tx_sit_segmentation": "on", 
                "tx_tcp6_segmentation": "on", 
                "tx_tcp_ecn_segmentation": "on", 
                "tx_tcp_mangleid_segmentation": "on", 
                "tx_tcp_segmentation": "on", 
                "tx_udp_tnl_csum_segmentation": "on", 
                "tx_udp_tnl_segmentation": "on", 
                "tx_vlan_offload": "on", 
                "tx_vlan_stag_hw_insert": "on", 
                "udp_fragmentation_offload": "on", 
                "vlan_challenged": "off [fixed]"
            }, 
            "hw_timestamp_filters": [], 
            "ipv6": [
                {
                    "address": "fe80::6435:7fff:fe8b:77b6", 
                    "prefix": "64", 
                    "scope": "link"
                }
            ], 
            "macaddress": "66:35:7f:8b:77:b6", 
            "mtu": 1376, 
            "promisc": true, 
            "speed": 10000, 
            "timestamping": [
                "rx_software", 
                "software"
            ], 
            "type": "ether"
        }, 
        "ansible_vethwepl5d0087c": {
            "active": true, 
            "device": "vethwepl5d0087c", 
            "features": {
                "busy_poll": "off [fixed]", 
                "fcoe_mtu": "off [fixed]", 
                "generic_receive_offload": "on", 
                "generic_segmentation_offload": "on", 
                "highdma": "on", 
                "hw_tc_offload": "off [fixed]", 
                "l2_fwd_offload": "off [fixed]", 
                "large_receive_offload": "off [fixed]", 
                "loopback": "off [fixed]", 
                "netns_local": "off [fixed]", 
                "ntuple_filters": "off [fixed]", 
                "receive_hashing": "off [fixed]", 
                "rx_all": "off [fixed]", 
                "rx_checksumming": "on", 
                "rx_fcs": "off [fixed]", 
                "rx_gro_hw": "off [fixed]", 
                "rx_udp_tunnel_port_offload": "off [fixed]", 
                "rx_vlan_filter": "off [fixed]", 
                "rx_vlan_offload": "on", 
                "rx_vlan_stag_filter": "off [fixed]", 
                "rx_vlan_stag_hw_parse": "on", 
                "scatter_gather": "on", 
                "tcp_segmentation_offload": "on", 
                "tx_checksum_fcoe_crc": "off [fixed]", 
                "tx_checksum_ip_generic": "on", 
                "tx_checksum_ipv4": "off [fixed]", 
                "tx_checksum_ipv6": "off [fixed]", 
                "tx_checksum_sctp": "on", 
                "tx_checksumming": "on", 
                "tx_fcoe_segmentation": "off [fixed]", 
                "tx_gre_csum_segmentation": "on", 
                "tx_gre_segmentation": "on", 
                "tx_gso_partial": "off [fixed]", 
                "tx_gso_robust": "off [fixed]", 
                "tx_ipip_segmentation": "on", 
                "tx_lockless": "on [fixed]", 
                "tx_nocache_copy": "off", 
                "tx_scatter_gather": "on", 
                "tx_scatter_gather_fraglist": "on", 
                "tx_sctp_segmentation": "on", 
                "tx_sit_segmentation": "on", 
                "tx_tcp6_segmentation": "on", 
                "tx_tcp_ecn_segmentation": "on", 
                "tx_tcp_mangleid_segmentation": "on", 
                "tx_tcp_segmentation": "on", 
                "tx_udp_tnl_csum_segmentation": "on", 
                "tx_udp_tnl_segmentation": "on", 
                "tx_vlan_offload": "on", 
                "tx_vlan_stag_hw_insert": "on", 
                "udp_fragmentation_offload": "on", 
                "vlan_challenged": "off [fixed]"
            }, 
            "hw_timestamp_filters": [], 
            "ipv6": [
                {
                    "address": "fe80::d066:c6ff:feb1:e8f6", 
                    "prefix": "64", 
                    "scope": "link"
                }
            ], 
            "macaddress": "d2:66:c6:b1:e8:f6", 
            "mtu": 1376, 
            "promisc": true, 
            "speed": 10000, 
            "timestamping": [
                "rx_software", 
                "software"
            ], 
            "type": "ether"
        }, 
        "ansible_vethweplaa17e04": {
            "active": true, 
            "device": "vethweplaa17e04", 
            "features": {
                "busy_poll": "off [fixed]", 
                "fcoe_mtu": "off [fixed]", 
                "generic_receive_offload": "on", 
                "generic_segmentation_offload": "on", 
                "highdma": "on", 
                "hw_tc_offload": "off [fixed]", 
                "l2_fwd_offload": "off [fixed]", 
                "large_receive_offload": "off [fixed]", 
                "loopback": "off [fixed]", 
                "netns_local": "off [fixed]", 
                "ntuple_filters": "off [fixed]", 
                "receive_hashing": "off [fixed]", 
                "rx_all": "off [fixed]", 
                "rx_checksumming": "on", 
                "rx_fcs": "off [fixed]", 
                "rx_gro_hw": "off [fixed]", 
                "rx_udp_tunnel_port_offload": "off [fixed]", 
                "rx_vlan_filter": "off [fixed]", 
                "rx_vlan_offload": "on", 
                "rx_vlan_stag_filter": "off [fixed]", 
                "rx_vlan_stag_hw_parse": "on", 
                "scatter_gather": "on", 
                "tcp_segmentation_offload": "on", 
                "tx_checksum_fcoe_crc": "off [fixed]", 
                "tx_checksum_ip_generic": "on", 
                "tx_checksum_ipv4": "off [fixed]", 
                "tx_checksum_ipv6": "off [fixed]", 
                "tx_checksum_sctp": "on", 
                "tx_checksumming": "on", 
                "tx_fcoe_segmentation": "off [fixed]", 
                "tx_gre_csum_segmentation": "on", 
                "tx_gre_segmentation": "on", 
                "tx_gso_partial": "off [fixed]", 
                "tx_gso_robust": "off [fixed]", 
                "tx_ipip_segmentation": "on", 
                "tx_lockless": "on [fixed]", 
                "tx_nocache_copy": "off", 
                "tx_scatter_gather": "on", 
                "tx_scatter_gather_fraglist": "on", 
                "tx_sctp_segmentation": "on", 
                "tx_sit_segmentation": "on", 
                "tx_tcp6_segmentation": "on", 
                "tx_tcp_ecn_segmentation": "on", 
                "tx_tcp_mangleid_segmentation": "on", 
                "tx_tcp_segmentation": "on", 
                "tx_udp_tnl_csum_segmentation": "on", 
                "tx_udp_tnl_segmentation": "on", 
                "tx_vlan_offload": "on", 
                "tx_vlan_stag_hw_insert": "on", 
                "udp_fragmentation_offload": "on", 
                "vlan_challenged": "off [fixed]"
            }, 
            "hw_timestamp_filters": [], 
            "ipv6": [
                {
                    "address": "fe80::7c6e:f6ff:fe45:5efc", 
                    "prefix": "64", 
                    "scope": "link"
                }
            ], 
            "macaddress": "7e:6e:f6:45:5e:fc", 
            "mtu": 1376, 
            "promisc": true, 
            "speed": 10000, 
            "timestamping": [
                "rx_software", 
                "software"
            ], 
            "type": "ether"
        }, 
        "ansible_virtualization_role": "guest", 
        "ansible_virtualization_type": "VMware", 
        "ansible_vxlan_6784": {
            "active": true, 
            "device": "vxlan-6784", 
            "features": {
                "busy_poll": "off [fixed]", 
                "fcoe_mtu": "off [fixed]", 
                "generic_receive_offload": "on", 
                "generic_segmentation_offload": "on", 
                "highdma": "off [fixed]", 
                "hw_tc_offload": "off [fixed]", 
                "l2_fwd_offload": "off [fixed]", 
                "large_receive_offload": "off [fixed]", 
                "loopback": "off [fixed]", 
                "netns_local": "off [fixed]", 
                "ntuple_filters": "off [fixed]", 
                "receive_hashing": "off [fixed]", 
                "rx_all": "off [fixed]", 
                "rx_checksumming": "on", 
                "rx_fcs": "off [fixed]", 
                "rx_gro_hw": "off [fixed]", 
                "rx_udp_tunnel_port_offload": "off [fixed]", 
                "rx_vlan_filter": "off [fixed]", 
                "rx_vlan_offload": "off [fixed]", 
                "rx_vlan_stag_filter": "off [fixed]", 
                "rx_vlan_stag_hw_parse": "off [fixed]", 
                "scatter_gather": "on", 
                "tcp_segmentation_offload": "on", 
                "tx_checksum_fcoe_crc": "off [fixed]", 
                "tx_checksum_ip_generic": "on", 
                "tx_checksum_ipv4": "off [fixed]", 
                "tx_checksum_ipv6": "off [fixed]", 
                "tx_checksum_sctp": "off [fixed]", 
                "tx_checksumming": "on", 
                "tx_fcoe_segmentation": "off [fixed]", 
                "tx_gre_csum_segmentation": "off [fixed]", 
                "tx_gre_segmentation": "off [fixed]", 
                "tx_gso_partial": "off [fixed]", 
                "tx_gso_robust": "off [fixed]", 
                "tx_ipip_segmentation": "off [fixed]", 
                "tx_lockless": "on [fixed]", 
                "tx_nocache_copy": "off", 
                "tx_scatter_gather": "on", 
                "tx_scatter_gather_fraglist": "off [fixed]", 
                "tx_sctp_segmentation": "on", 
                "tx_sit_segmentation": "off [fixed]", 
                "tx_tcp6_segmentation": "on", 
                "tx_tcp_ecn_segmentation": "on", 
                "tx_tcp_mangleid_segmentation": "on", 
                "tx_tcp_segmentation": "on", 
                "tx_udp_tnl_csum_segmentation": "off [fixed]", 
                "tx_udp_tnl_segmentation": "off [fixed]", 
                "tx_vlan_offload": "off [fixed]", 
                "tx_vlan_stag_hw_insert": "off [fixed]", 
                "udp_fragmentation_offload": "on", 
                "vlan_challenged": "off [fixed]"
            }, 
            "hw_timestamp_filters": [], 
            "ipv6": [
                {
                    "address": "fe80::686a:dbff:fe8c:e807", 
                    "prefix": "64", 
                    "scope": "link"
                }
            ], 
            "macaddress": "6a:6a:db:8c:e8:07", 
            "mtu": 65535, 
            "promisc": true, 
            "timestamping": [
                "rx_software", 
                "software"
            ], 
            "type": "ether"
        }, 
        "ansible_weave": {
            "active": true, 
            "device": "weave", 
            "features": {
                "busy_poll": "off [fixed]", 
                "fcoe_mtu": "off [fixed]", 
                "generic_receive_offload": "on", 
                "generic_segmentation_offload": "on", 
                "highdma": "on", 
                "hw_tc_offload": "off [fixed]", 
                "l2_fwd_offload": "off [fixed]", 
                "large_receive_offload": "off [fixed]", 
                "loopback": "off [fixed]", 
                "netns_local": "on [fixed]", 
                "ntuple_filters": "off [fixed]", 
                "receive_hashing": "off [fixed]", 
                "rx_all": "off [fixed]", 
                "rx_checksumming": "off [fixed]", 
                "rx_fcs": "off [fixed]", 
                "rx_gro_hw": "off [fixed]", 
                "rx_udp_tunnel_port_offload": "off [fixed]", 
                "rx_vlan_filter": "off [fixed]", 
                "rx_vlan_offload": "off [fixed]", 
                "rx_vlan_stag_filter": "off [fixed]", 
                "rx_vlan_stag_hw_parse": "off [fixed]", 
                "scatter_gather": "on", 
                "tcp_segmentation_offload": "on", 
                "tx_checksum_fcoe_crc": "off [fixed]", 
                "tx_checksum_ip_generic": "on", 
                "tx_checksum_ipv4": "off [fixed]", 
                "tx_checksum_ipv6": "off [fixed]", 
                "tx_checksum_sctp": "off [fixed]", 
                "tx_checksumming": "on", 
                "tx_fcoe_segmentation": "off [requested on]", 
                "tx_gre_csum_segmentation": "on", 
                "tx_gre_segmentation": "on", 
                "tx_gso_partial": "on", 
                "tx_gso_robust": "off [requested on]", 
                "tx_ipip_segmentation": "on", 
                "tx_lockless": "on [fixed]", 
                "tx_nocache_copy": "off", 
                "tx_scatter_gather": "on", 
                "tx_scatter_gather_fraglist": "on", 
                "tx_sctp_segmentation": "on", 
                "tx_sit_segmentation": "on", 
                "tx_tcp6_segmentation": "on", 
                "tx_tcp_ecn_segmentation": "on", 
                "tx_tcp_mangleid_segmentation": "on", 
                "tx_tcp_segmentation": "on", 
                "tx_udp_tnl_csum_segmentation": "on", 
                "tx_udp_tnl_segmentation": "on", 
                "tx_vlan_offload": "on", 
                "tx_vlan_stag_hw_insert": "on", 
                "udp_fragmentation_offload": "on", 
                "vlan_challenged": "off [fixed]"
            }, 
            "hw_timestamp_filters": [], 
            "id": "8000.6e6ae06baa79", 
            "interfaces": [
                "vethwepl1246412", 
                "vethwepl5d0087c", 
                "vethwepl305020a", 
                "vethweplaa17e04", 
                "vethwe-bridge", 
                "vethwepl0045a18"
            ], 
            "ipv4": {
                "address": "10.40.0.0", 
                "broadcast": "10.47.255.255", 
                "netmask": "255.240.0.0", 
                "network": "10.32.0.0"
            }, 
            "ipv6": [
                {
                    "address": "fe80::6c6a:e0ff:fe6b:aa79", 
                    "prefix": "64", 
                    "scope": "link"
                }
            ], 
            "macaddress": "6e:6a:e0:6b:aa:79", 
            "mtu": 1376, 
            "promisc": false, 
            "stp": false, 
            "timestamping": [
                "rx_software", 
                "software"
            ], 
            "type": "bridge"
        }, 
        "discovered_interpreter_python": "/usr/bin/python", 
        "gather_subset": [
            "all"
        ], 
        "module_setup": true
    }, 
    "changed": false
}
